# JRE version: Java(TM) SE Runtime Environment (7.0_60-b19) (build 1.7.0_60-b19)
# Java VM: Java HotSpot(TM) 64-Bit Server VM (24.60-b09 mixed mode bsd-amd64 compressed oops)
Heap
 PSYoungGen      total 478208K, used 437542K [0x00000007e0000000, 0x0000000800000000, 0x0000000800000000)
  eden space 457728K, 94% used [0x00000007e0000000,0x00000007fa6b5ab8,0x00000007fbf00000)
  from space 20480K, 22% used [0x00000007fd700000,0x00000007fdb94010,0x00000007feb00000)
  to   space 24576K, 0% used [0x00000007fbf00000,0x00000007fbf00000,0x00000007fd700000)
 ParOldGen       total 349696K, used 151668K [0x00000007a0000000, 0x00000007b5580000, 0x00000007e0000000)
  object space 349696K, 43% used [0x00000007a0000000,0x00000007a941d1b8,0x00000007b5580000)
 PSPermGen       total 83968K, used 71886K [0x000000079ae00000, 0x00000007a0000000, 0x00000007a0000000)
  object space 83968K, 85% used [0x000000079ae00000,0x000000079f433ae0,0x00000007a0000000)
GC Heap History (10 events):
Event: 936.220 GC heap before
{Heap before GC invocations=39 (full 1):
 PSYoungGen      total 352256K, used 326144K [0x00000007e0000000, 0x00000007fbf00000, 0x0000000800000000)
  eden space 321024K, 100% used [0x00000007e0000000,0x00000007f3980000,0x00000007f3980000)
  from space 31232K, 16% used [0x00000007f3980000,0x00000007f3e80000,0x00000007f5800000)
  to   space 29696K, 0% used [0x00000007fa200000,0x00000007fa200000,0x00000007fbf00000)
 ParOldGen       total 349696K, used 125455K [0x00000007a0000000, 0x00000007b5580000, 0x00000007e0000000)
  object space 349696K, 35% used [0x00000007a0000000,0x00000007a7a83ff8,0x00000007b5580000)
 PSPermGen       total 83968K, used 71828K [0x000000079ae00000, 0x00000007a0000000, 0x00000007a0000000)
  object space 83968K, 85% used [0x000000079ae00000,0x000000079f4253d0,0x00000007a0000000)
Event: 936.227 GC heap after
Heap after GC invocations=39 (full 1):
 PSYoungGen      total 425984K, used 4992K [0x00000007e0000000, 0x00000007fbc80000, 0x0000000800000000)
  eden space 398848K, 0% used [0x00000007e0000000,0x00000007e0000000,0x00000007f8580000)
  from space 27136K, 18% used [0x00000007fa200000,0x00000007fa6e0000,0x00000007fbc80000)
  to   space 28160K, 0% used [0x00000007f8580000,0x00000007f8580000,0x00000007fa100000)
 ParOldGen       total 349696K, used 129314K [0x00000007a0000000, 0x00000007b5580000, 0x00000007e0000000)
  object space 349696K, 36% used [0x00000007a0000000,0x00000007a7e489e8,0x00000007b5580000)
 PSPermGen       total 83968K, used 71828K [0x000000079ae00000, 0x00000007a0000000, 0x00000007a0000000)
  object space 83968K, 85% used [0x000000079ae00000,0x000000079f4253d0,0x00000007a0000000)
}
Event: 938.656 GC heap before
{Heap before GC invocations=40 (full 1):
 PSYoungGen      total 425984K, used 403840K [0x00000007e0000000, 0x00000007fbc80000, 0x0000000800000000)
  eden space 398848K, 100% used [0x00000007e0000000,0x00000007f8580000,0x00000007f8580000)
  from space 27136K, 18% used [0x00000007fa200000,0x00000007fa6e0000,0x00000007fbc80000)
  to   space 28160K, 0% used [0x00000007f8580000,0x00000007f8580000,0x00000007fa100000)
 ParOldGen       total 349696K, used 129314K [0x00000007a0000000, 0x00000007b5580000, 0x00000007e0000000)
  object space 349696K, 36% used [0x00000007a0000000,0x00000007a7e489e8,0x00000007b5580000)
 PSPermGen       total 83968K, used 71861K [0x000000079ae00000, 0x00000007a0000000, 0x00000007a0000000)
  object space 83968K, 85% used [0x000000079ae00000,0x000000079f42d5f8,0x00000007a0000000)
Event: 938.667 GC heap after
Heap after GC invocations=40 (full 1):
 PSYoungGen      total 427008K, used 10016K [0x00000007e0000000, 0x00000007ffe00000, 0x0000000800000000)
  eden space 398848K, 0% used [0x00000007e0000000,0x00000007e0000000,0x00000007f8580000)
  from space 28160K, 35% used [0x00000007f8580000,0x00000007f8f48000,0x00000007fa100000)
  to   space 26624K, 0% used [0x00000007fe400000,0x00000007fe400000,0x00000007ffe00000)
 ParOldGen       total 349696K, used 133068K [0x00000007a0000000, 0x00000007b5580000, 0x00000007e0000000)
  object space 349696K, 38% used [0x00000007a0000000,0x00000007a81f31b8,0x00000007b5580000)
 PSPermGen       total 83968K, used 71861K [0x000000079ae00000, 0x00000007a0000000, 0x00000007a0000000)
  object space 83968K, 85% used [0x000000079ae00000,0x000000079f42d5f8,0x00000007a0000000)
}
Event: 939.195 GC heap before
{Heap before GC invocations=41 (full 1):
 PSYoungGen      total 427008K, used 408864K [0x00000007e0000000, 0x00000007ffe00000, 0x0000000800000000)
  eden space 398848K, 100% used [0x00000007e0000000,0x00000007f8580000,0x00000007f8580000)
  from space 28160K, 35% used [0x00000007f8580000,0x00000007f8f48000,0x00000007fa100000)
  to   space 26624K, 0% used [0x00000007fe400000,0x00000007fe400000,0x00000007ffe00000)
 ParOldGen       total 349696K, used 133068K [0x00000007a0000000, 0x00000007b5580000, 0x00000007e0000000)
  object space 349696K, 38% used [0x00000007a0000000,0x00000007a81f31b8,0x00000007b5580000)
 PSPermGen       total 83968K, used 71864K [0x000000079ae00000, 0x00000007a0000000, 0x00000007a0000000)
  object space 83968K, 85% used [0x000000079ae00000,0x000000079f42e198,0x00000007a0000000)
Event: 939.202 GC heap after
Heap after GC invocations=41 (full 1):
 PSYoungGen      total 494592K, used 4128K [0x00000007e0000000, 0x00000007ffc80000, 0x0000000800000000)
  eden space 469504K, 0% used [0x00000007e0000000,0x00000007e0000000,0x00000007fca80000)
  from space 25088K, 16% used [0x00000007fe400000,0x00000007fe808000,0x00000007ffc80000)
  to   space 25600K, 0% used [0x00000007fca80000,0x00000007fca80000,0x00000007fe380000)
 ParOldGen       total 349696K, used 139819K [0x00000007a0000000, 0x00000007b5580000, 0x00000007e0000000)
  object space 349696K, 39% used [0x00000007a0000000,0x00000007a888afe8,0x00000007b5580000)
 PSPermGen       total 83968K, used 71864K [0x000000079ae00000, 0x00000007a0000000, 0x00000007a0000000)
  object space 83968K, 85% used [0x000000079ae00000,0x000000079f42e198,0x00000007a0000000)
}
Event: 941.470 GC heap before
{Heap before GC invocations=42 (full 1):
 PSYoungGen      total 494592K, used 473632K [0x00000007e0000000, 0x00000007ffc80000, 0x0000000800000000)
  eden space 469504K, 100% used [0x00000007e0000000,0x00000007fca80000,0x00000007fca80000)
  from space 25088K, 16% used [0x00000007fe400000,0x00000007fe808000,0x00000007ffc80000)
  to   space 25600K, 0% used [0x00000007fca80000,0x00000007fca80000,0x00000007fe380000)
 ParOldGen       total 349696K, used 139819K [0x00000007a0000000, 0x00000007b5580000, 0x00000007e0000000)
  object space 349696K, 39% used [0x00000007a0000000,0x00000007a888afe8,0x00000007b5580000)
 PSPermGen       total 83968K, used 71875K [0x000000079ae00000, 0x00000007a0000000, 0x00000007a0000000)
  object space 83968K, 85% used [0x000000079ae00000,0x000000079f430e48,0x00000007a0000000)
Event: 941.482 GC heap after
Heap after GC invocations=42 (full 1):
 PSYoungGen      total 464384K, used 12448K [0x00000007e0000000, 0x00000007feb00000, 0x0000000800000000)
  eden space 451584K, 0% used [0x00000007e0000000,0x00000007e0000000,0x00000007fb900000)
  from space 12800K, 97% used [0x00000007fca80000,0x00000007fd6a8000,0x00000007fd700000)
  to   space 20480K, 0% used [0x00000007fd700000,0x00000007fd700000,0x00000007feb00000)
 ParOldGen       total 349696K, used 143417K [0x00000007a0000000, 0x00000007b5580000, 0x00000007e0000000)
  object space 349696K, 41% used [0x00000007a0000000,0x00000007a8c0e548,0x00000007b5580000)
 PSPermGen       total 83968K, used 71875K [0x000000079ae00000, 0x00000007a0000000, 0x00000007a0000000)
  object space 83968K, 85% used [0x000000079ae00000,0x000000079f430e48,0x00000007a0000000)
}
Event: 942.057 GC heap before
{Heap before GC invocations=43 (full 1):
 PSYoungGen      total 464384K, used 464032K [0x00000007e0000000, 0x00000007feb00000, 0x0000000800000000)
  eden space 451584K, 100% used [0x00000007e0000000,0x00000007fb900000,0x00000007fb900000)
  from space 12800K, 97% used [0x00000007fca80000,0x00000007fd6a8000,0x00000007fd700000)
  to   space 20480K, 0% used [0x00000007fd700000,0x00000007fd700000,0x00000007feb00000)
 ParOldGen       total 349696K, used 143417K [0x00000007a0000000, 0x00000007b5580000, 0x00000007e0000000)
  object space 349696K, 41% used [0x00000007a0000000,0x00000007a8c0e548,0x00000007b5580000)
 PSPermGen       total 83968K, used 71876K [0x000000079ae00000, 0x00000007a0000000, 0x00000007a0000000)
  object space 83968K, 85% used [0x000000079ae00000,0x000000079f4310f8,0x00000007a0000000)
Event: 942.066 GC heap after
Heap after GC invocations=43 (full 1):
 PSYoungGen      total 478208K, used 4688K [0x00000007e0000000, 0x0000000800000000, 0x0000000800000000)
  eden space 457728K, 0% used [0x00000007e0000000,0x00000007e0000000,0x00000007fbf00000)
  from space 20480K, 22% used [0x00000007fd700000,0x00000007fdb94010,0x00000007feb00000)
  to   space 24576K, 0% used [0x00000007fbf00000,0x00000007fbf00000,0x00000007fd700000)
 ParOldGen       total 349696K, used 151668K [0x00000007a0000000, 0x00000007b5580000, 0x00000007e0000000)
  object space 349696K, 43% used [0x00000007a0000000,0x00000007a941d1b8,0x00000007b5580000)
 PSPermGen       total 83968K, used 71876K [0x000000079ae00000, 0x00000007a0000000, 0x00000007a0000000)
  object space 83968K, 85% used [0x000000079ae00000,0x000000079f4310f8,0x00000007a0000000)
}

